
################################################################################
#
# This file has been generated by SpyGlass:
#     Report Name      : moresimple
#     Report Created by: u105061255
#     Report Created on:  Wed Nov 20 16:44:16 2019
#     Working Directory: /home/u105/u105061255/ICLAB/EE4292_HW4/hdl
#     SpyGlass Version : SpyGlass_vO-2018.09-SP2
#     Policy Name      : SpyGlass(SpyGlass_vO-2018.09-SP2)
#                        clock-reset(SpyGlass_vO-2018.09-SP2)
#                        erc(SpyGlass_vO-2018.09-SP2)
#                        latch(SpyGlass_vO-2018.09-SP2)
#                        lint(SpyGlass_vO-2018.09-SP2)
#                        morelint(SpyGlass_vO-2018.09-SP2)
#                        openmore(SpyGlass_vO-2018.09-SP2)
#                        power_est(SpyGlass_vO-2018.09-SP2)
#                        simulation(SpyGlass_vO-2018.09-SP2)
#                        starc(SpyGlass_vO-2018.09-SP2)
#                        starc2005(SpyGlass_vO-2018.09-SP2)
#                        timing(SpyGlass_vO-2018.09-SP2)
#                        txv(SpyGlass_vO-2018.09-SP2)
#
#     Total Number of Generated Messages :         40
#     Number of Waived Messages          :          0
#     Number of Reported Messages        :         40
#     Number of Overlimit Messages       :          0
#
#
################################################################################

+++++++++++++++++++++++++++++++++++++++++++++++++++++++++++++++++++++++
MORESIMPLE REPORT:


############### BuiltIn -> RuleGroup=Design Read ###############
+++++++++++++++++++++++++++++++++++++++++++++++++++++++++++++++++++++++++++++++++++++++
ID       Rule                    Alias                   Severity            File                                                                     Line    Wt      Message
======================================================================================
[1]      DetectTopDesignUnits    DetectTopDesignUnits    Info                qr_decode.v                                                              2       2       Module qr_decode is a top level design unit
[25]     SYNTH_5166                                      SynthesisWarning    qr_decode.v                                                              225     1000    qr_decode -> ($display) Statement is not synthesizable. Ignoring it
[26]     SYNTH_5166                                      SynthesisWarning    qr_decode.v                                                              226     1000    qr_decode -> ($finish) Statement is not synthesizable. Ignoring it
[27]     SYNTH_5166                                      SynthesisWarning    qr_decode.v                                                              371     1000    qr_decode -> ($finish) Statement is not synthesizable. Ignoring it
[0]      ElabSummary             ElabSummary             Info                ./spyglass-1/lint/lint_rtl/spyglass_reports/SpyGlass/elab_summary.rpt    0       2       Please refer file './spyglass-1/lint/lint_rtl/spyglass_reports/SpyGlass/elab_summary.rpt' for elab summary report
+++++++++++++++++++++++++++++++++++++++++++++++++++++++++++++++++++++++++++++++++++++++


############### Non-BuiltIn -> Goal=lint/lint_rtl ###############
+++++++++++++++++++++++++++++++++++++++++++++++++++++++++++++++++++++++++++++++++++++++
ID       Rule                Alias                 Severity    File                                                                      Line    Wt    Message
======================================================================================
[2E]     InferLatch          (OpenMORE 5.5.2.1)    Error       qr_decode.v                                                               1424    5     Latch inferred for signal 'correct_codewords[215:208]' in module 'qr_decode'
[2]      STARC05-2.11.3.1    SepStateNextLogic     Warning     qr_decode.v                                                               129     10    Combinational and sequential parts of an FSM 'qr_decode.state' described in same always block
[3]      STARC05-2.11.3.1    SepStateNextLogic     Warning     qr_decode.v                                                               200     10    Combinational and sequential parts of an FSM 'qr_decode.search_state' described in same always block
[4]      W116                                      Warning     qr_decode.v                                                               1302    10    For operator (^), left expression: "S0" width 9 should match right expression: "codewords[(i * 8) +:8] " width 8. [Hierarchy: ':qr_decode']
[5]      W116                                      Warning     qr_decode.v                                                               1307    10    For operator (^), left expression: "S1" width 9 should match right expression: "a2i[((((alpha_array[i] + 25) - i)>=255) ? (((alpha_array[i] + 25) - i) - 255) : ((alpha_array[i] + 25) - i))]" width 8. [Hierarchy: ':qr_decode']
[6]      W116                                      Warning     qr_decode.v                                                               1311    10    For operator (^), left expression: "S2" width 9 should match right expression: "a2i[(((alpha_array[i] + ((25 - i) * 2))>=255) ? ((alpha_array[i] + ((25 - i) * 2)) - 255) : (alpha_array[i] + ((25 - i) * 2)))]" width 8. [Hierarchy: ':qr_decode']
[7]      W116                                      Warning     qr_decode.v                                                               1314    10    For operator (^), left expression: "S3" width 9 should match right expression: "a2i[(((alpha_array[i] + ((25 - i) * 3))>=255) ? ((alpha_array[i] + ((25 - i) * 3)) - 255) : (alpha_array[i] + ((25 - i) * 3)))]" width 8. [Hierarchy: ':qr_decode']
[8]      W116                                      Warning     qr_decode.v                                                               1339    10    For operator (^), left expression: "b1" width 9 should match right expression: "a2i[(((b2_a + diff_a)>=255) ? ((b2_a + diff_a) - 255) : (b2_a + diff_a))]" width 8. [Hierarchy: ':qr_decode']
[9]      W116                                      Warning     qr_decode.v                                                               1342    10    For operator (^), left expression: "c1" width 9 should match right expression: "a2i[(((c2_a + diff_a)>=255) ? ((c2_a + diff_a) - 255) : (c2_a + diff_a))]" width 8. [Hierarchy: ':qr_decode']
[A]      W116                                      Warning     qr_decode.v                                                               1346    10    For operator (^), left expression: "a2i[(((b1_a + unknown_y_a)>=255) ? ((b1_a + unknown_y_a) - 255) : (b1_a + unknown_y_a))]" width 8 should match right expression: "c1" width 9. [Hierarchy: ':qr_decode']
[B]      W116                                      Warning     qr_decode.v                                                               1359    10    For operator (^), left expression: "alpha2" width 9 should match right expression: "a2i[(((alpha1_a + i)>=255) ? ((alpha1_a + i) - 255) : (alpha1_a + i))]" width 8. [Hierarchy: ':qr_decode']
[C]      W116                                      Warning     qr_decode.v                                                               1359    10    For operator (^), left expression: "(alpha2 ^ a2i[(((alpha1_a + i)>=255) ? ((alpha1_a + i) - 255) : (alpha1_a + i))])" width 9 should match right expression: "a2i[(2 * i)]" width 8. [Hierarchy: ':qr_decode']
[D]      W116                                      Warning     qr_decode.v                                                               1387    10    For operator (^), left expression: "b1" width 9 should match right expression: "a2i[(((b2_a + diff_a)>=255) ? ((b2_a + diff_a) - 255) : (b2_a + diff_a))]" width 8. [Hierarchy: ':qr_decode']
[E]      W116                                      Warning     qr_decode.v                                                               1390    10    For operator (^), left expression: "c1" width 9 should match right expression: "a2i[(((c2_a + diff_a)>=255) ? ((c2_a + diff_a) - 255) : (c2_a + diff_a))]" width 8. [Hierarchy: ':qr_decode']
[F]      W116                                      Warning     qr_decode.v                                                               1394    10    For operator (^), left expression: "a2i[(((b1_a + unknown_y_a)>=255) ? ((b1_a + unknown_y_a) - 255) : (b1_a + unknown_y_a))]" width 8 should match right expression: "c1" width 9. [Hierarchy: ':qr_decode']
[10]     W415a                                     Warning     qr_decode.v                                                               612     5     Signal corner_detect0 is being assigned multiple times ( assignment within same for-loop ) in same always block [Hierarchy: ':qr_decode']
[11]     W415a                                     Warning     qr_decode.v                                                               621     5     Signal corner_detect1 is being assigned multiple times ( assignment within same for-loop ) in same always block [Hierarchy: ':qr_decode']
[12]     W415a                                     Warning     qr_decode.v                                                               630     5     Signal corner_detect2 is being assigned multiple times ( assignment within same for-loop ) in same always block [Hierarchy: ':qr_decode']
[13]     W415a                                     Warning     qr_decode.v                                                               1302    5     Signal S0 is being assigned multiple times ( assignment within same for-loop ) in same always block [Hierarchy: ':qr_decode']
[14]     W415a                                     Warning     qr_decode.v                                                               1307    5     Signal S1 is being assigned multiple times ( assignment within same for-loop ) in same always block [Hierarchy: ':qr_decode']
[15]     W415a                                     Warning     qr_decode.v                                                               1311    5     Signal S2 is being assigned multiple times ( assignment within same for-loop ) in same always block [Hierarchy: ':qr_decode']
[16]     W415a                                     Warning     qr_decode.v                                                               1314    5     Signal S3 is being assigned multiple times ( assignment within same for-loop ) in same always block [Hierarchy: ':qr_decode']
[17]     W415a                                     Warning     qr_decode.v                                                               1359    5     Signal temp_sum is being assigned multiple times ( assignment within same for-loop ) in same always block [Hierarchy: ':qr_decode']
[18]     W415a                                     Warning     qr_decode.v                                                               1361    5     Signal ai1_a is being assigned multiple times ( assignment within same for-loop ) in same always block [Hierarchy: ':qr_decode']
[19]     W415a                                     Warning     qr_decode.v                                                               1362    5     Signal findfirstai0 is being assigned multiple times ( assignment within same for-loop ) in same always block [Hierarchy: ':qr_decode']
[1A]     W415a                                     Warning     qr_decode.v                                                               1365    5     Signal ai2_a is being assigned multiple times ( assignment within same for-loop ) in same always block [Hierarchy: ':qr_decode']
[1B]     W415a                                     Warning     qr_decode.v                                                               1366    5     Signal findfirstai1 is being assigned multiple times ( assignment within same for-loop ) in same always block [Hierarchy: ':qr_decode']
[1C]     W415a                                     Warning     qr_decode.v                                                               1376    5     Signal a1 is being assigned multiple times ( previous assignment at line 1319 ) in same always block [Hierarchy: ':qr_decode']
[1D]     W415a                                     Warning     qr_decode.v                                                               1377    5     Signal b1 is being assigned multiple times ( previous assignment at line 1320 ) in same always block [Hierarchy: ':qr_decode']
[1E]     W415a                                     Warning     qr_decode.v                                                               1378    5     Signal c1 is being assigned multiple times ( previous assignment at line 1321 ) in same always block [Hierarchy: ':qr_decode']
[1F]     W415a                                     Warning     qr_decode.v                                                               1379    5     Signal a2 is being assigned multiple times ( previous assignment at line 1322 ) in same always block [Hierarchy: ':qr_decode']
[20]     W415a                                     Warning     qr_decode.v                                                               1380    5     Signal b2 is being assigned multiple times ( previous assignment at line 1323 ) in same always block [Hierarchy: ':qr_decode']
[21]     W415a                                     Warning     qr_decode.v                                                               1381    5     Signal c2 is being assigned multiple times ( previous assignment at line 1324 ) in same always block [Hierarchy: ':qr_decode']
[23]     W528                                      Warning     qr_decode.v                                                               1250    10    Variable 'codeword'(208 bits) set but not read.[Hierarchy: ':qr_decode']
[22]     W528                                      Info        ./spyglass-1/lint/lint_rtl/spyglass_reports/lint/SignalUsageReport.rpt    0       10    Please refer to 'SignalUsageReport.rpt' for details of violating bits
+++++++++++++++++++++++++++++++++++++++++++++++++++++++++++++++++++++++++++++++++++++++

################################################################################
#
# This file has been generated by SpyGlass:
#     Report Name      : moresimple
#     Report Created by: u105061255
#     Report Created on:  Wed Nov 20 16:45:12 2019
#     Working Directory: /home/u105/u105061255/ICLAB/EE4292_HW4/hdl
#     SpyGlass Version : SpyGlass_vO-2018.09-SP2
#     Policy Name      : SpyGlass(SpyGlass_vO-2018.09-SP2)
#                        erc(SpyGlass_vO-2018.09-SP2)
#                        latch(SpyGlass_vO-2018.09-SP2)
#                        lint(SpyGlass_vO-2018.09-SP2)
#                        morelint(SpyGlass_vO-2018.09-SP2)
#                        openmore(SpyGlass_vO-2018.09-SP2)
#                        simulation(SpyGlass_vO-2018.09-SP2)
#                        starc(SpyGlass_vO-2018.09-SP2)
#                        starc2005(SpyGlass_vO-2018.09-SP2)
#                        timing(SpyGlass_vO-2018.09-SP2)
#
#     Total Number of Generated Messages :         40
#     Number of Waived Messages          :          0
#     Number of Reported Messages        :         40
#     Number of Overlimit Messages       :          0
#
#
################################################################################

+++++++++++++++++++++++++++++++++++++++++++++++++++++++++++++++++++++++
MORESIMPLE REPORT:


############### BuiltIn -> RuleGroup=Design Read ###############
+++++++++++++++++++++++++++++++++++++++++++++++++++++++++++++++++++++++++++++++++++++++
ID       Rule                    Alias                   Severity            File                                                                     Line    Wt      Message
======================================================================================
[1]      DetectTopDesignUnits    DetectTopDesignUnits    Info                qr_decode.v                                                              2       2       Module qr_decode is a top level design unit
[25]     SYNTH_5166                                      SynthesisWarning    qr_decode.v                                                              225     1000    qr_decode -> ($display) Statement is not synthesizable. Ignoring it
[26]     SYNTH_5166                                      SynthesisWarning    qr_decode.v                                                              226     1000    qr_decode -> ($finish) Statement is not synthesizable. Ignoring it
[27]     SYNTH_5166                                      SynthesisWarning    qr_decode.v                                                              371     1000    qr_decode -> ($finish) Statement is not synthesizable. Ignoring it
[0]      ElabSummary             ElabSummary             Info                ./spyglass-1/lint/lint_rtl/spyglass_reports/SpyGlass/elab_summary.rpt    0       2       Please refer file './spyglass-1/lint/lint_rtl/spyglass_reports/SpyGlass/elab_summary.rpt' for elab summary report
+++++++++++++++++++++++++++++++++++++++++++++++++++++++++++++++++++++++++++++++++++++++


############### Non-BuiltIn -> Goal=lint/lint_rtl ###############
+++++++++++++++++++++++++++++++++++++++++++++++++++++++++++++++++++++++++++++++++++++++
ID       Rule                Alias                 Severity    File                                                                      Line    Wt    Message
======================================================================================
[2E]     InferLatch          (OpenMORE 5.5.2.1)    Error       qr_decode.v                                                               1424    5     Latch inferred for signal 'correct_codewords[215:208]' in module 'qr_decode'
[2]      STARC05-2.11.3.1    SepStateNextLogic     Warning     qr_decode.v                                                               129     10    Combinational and sequential parts of an FSM 'qr_decode.state' described in same always block
[3]      STARC05-2.11.3.1    SepStateNextLogic     Warning     qr_decode.v                                                               200     10    Combinational and sequential parts of an FSM 'qr_decode.search_state' described in same always block
[4]      W116                                      Warning     qr_decode.v                                                               1302    10    For operator (^), left expression: "S0" width 9 should match right expression: "codewords[(i * 8) +:8] " width 8. [Hierarchy: ':qr_decode']
[5]      W116                                      Warning     qr_decode.v                                                               1307    10    For operator (^), left expression: "S1" width 9 should match right expression: "a2i[((((alpha_array[i] + 25) - i)>=255) ? (((alpha_array[i] + 25) - i) - 255) : ((alpha_array[i] + 25) - i))]" width 8. [Hierarchy: ':qr_decode']
[6]      W116                                      Warning     qr_decode.v                                                               1311    10    For operator (^), left expression: "S2" width 9 should match right expression: "a2i[(((alpha_array[i] + ((25 - i) * 2))>=255) ? ((alpha_array[i] + ((25 - i) * 2)) - 255) : (alpha_array[i] + ((25 - i) * 2)))]" width 8. [Hierarchy: ':qr_decode']
[7]      W116                                      Warning     qr_decode.v                                                               1314    10    For operator (^), left expression: "S3" width 9 should match right expression: "a2i[(((alpha_array[i] + ((25 - i) * 3))>=255) ? ((alpha_array[i] + ((25 - i) * 3)) - 255) : (alpha_array[i] + ((25 - i) * 3)))]" width 8. [Hierarchy: ':qr_decode']
[8]      W116                                      Warning     qr_decode.v                                                               1339    10    For operator (^), left expression: "b1" width 9 should match right expression: "a2i[(((b2_a + diff_a)>=255) ? ((b2_a + diff_a) - 255) : (b2_a + diff_a))]" width 8. [Hierarchy: ':qr_decode']
[9]      W116                                      Warning     qr_decode.v                                                               1342    10    For operator (^), left expression: "c1" width 9 should match right expression: "a2i[(((c2_a + diff_a)>=255) ? ((c2_a + diff_a) - 255) : (c2_a + diff_a))]" width 8. [Hierarchy: ':qr_decode']
[A]      W116                                      Warning     qr_decode.v                                                               1346    10    For operator (^), left expression: "a2i[(((b1_a + unknown_y_a)>=255) ? ((b1_a + unknown_y_a) - 255) : (b1_a + unknown_y_a))]" width 8 should match right expression: "c1" width 9. [Hierarchy: ':qr_decode']
[B]      W116                                      Warning     qr_decode.v                                                               1359    10    For operator (^), left expression: "alpha2" width 9 should match right expression: "a2i[(((alpha1_a + i)>=255) ? ((alpha1_a + i) - 255) : (alpha1_a + i))]" width 8. [Hierarchy: ':qr_decode']
[C]      W116                                      Warning     qr_decode.v                                                               1359    10    For operator (^), left expression: "(alpha2 ^ a2i[(((alpha1_a + i)>=255) ? ((alpha1_a + i) - 255) : (alpha1_a + i))])" width 9 should match right expression: "a2i[(2 * i)]" width 8. [Hierarchy: ':qr_decode']
[D]      W116                                      Warning     qr_decode.v                                                               1387    10    For operator (^), left expression: "b1" width 9 should match right expression: "a2i[(((b2_a + diff_a)>=255) ? ((b2_a + diff_a) - 255) : (b2_a + diff_a))]" width 8. [Hierarchy: ':qr_decode']
[E]      W116                                      Warning     qr_decode.v                                                               1390    10    For operator (^), left expression: "c1" width 9 should match right expression: "a2i[(((c2_a + diff_a)>=255) ? ((c2_a + diff_a) - 255) : (c2_a + diff_a))]" width 8. [Hierarchy: ':qr_decode']
[F]      W116                                      Warning     qr_decode.v                                                               1394    10    For operator (^), left expression: "a2i[(((b1_a + unknown_y_a)>=255) ? ((b1_a + unknown_y_a) - 255) : (b1_a + unknown_y_a))]" width 8 should match right expression: "c1" width 9. [Hierarchy: ':qr_decode']
[10]     W415a                                     Warning     qr_decode.v                                                               612     5     Signal corner_detect0 is being assigned multiple times ( assignment within same for-loop ) in same always block [Hierarchy: ':qr_decode']
[11]     W415a                                     Warning     qr_decode.v                                                               621     5     Signal corner_detect1 is being assigned multiple times ( assignment within same for-loop ) in same always block [Hierarchy: ':qr_decode']
[12]     W415a                                     Warning     qr_decode.v                                                               630     5     Signal corner_detect2 is being assigned multiple times ( assignment within same for-loop ) in same always block [Hierarchy: ':qr_decode']
[13]     W415a                                     Warning     qr_decode.v                                                               1302    5     Signal S0 is being assigned multiple times ( assignment within same for-loop ) in same always block [Hierarchy: ':qr_decode']
[14]     W415a                                     Warning     qr_decode.v                                                               1307    5     Signal S1 is being assigned multiple times ( assignment within same for-loop ) in same always block [Hierarchy: ':qr_decode']
[15]     W415a                                     Warning     qr_decode.v                                                               1311    5     Signal S2 is being assigned multiple times ( assignment within same for-loop ) in same always block [Hierarchy: ':qr_decode']
[16]     W415a                                     Warning     qr_decode.v                                                               1314    5     Signal S3 is being assigned multiple times ( assignment within same for-loop ) in same always block [Hierarchy: ':qr_decode']
[17]     W415a                                     Warning     qr_decode.v                                                               1359    5     Signal temp_sum is being assigned multiple times ( assignment within same for-loop ) in same always block [Hierarchy: ':qr_decode']
[18]     W415a                                     Warning     qr_decode.v                                                               1361    5     Signal ai1_a is being assigned multiple times ( assignment within same for-loop ) in same always block [Hierarchy: ':qr_decode']
[19]     W415a                                     Warning     qr_decode.v                                                               1362    5     Signal findfirstai0 is being assigned multiple times ( assignment within same for-loop ) in same always block [Hierarchy: ':qr_decode']
[1A]     W415a                                     Warning     qr_decode.v                                                               1365    5     Signal ai2_a is being assigned multiple times ( assignment within same for-loop ) in same always block [Hierarchy: ':qr_decode']
[1B]     W415a                                     Warning     qr_decode.v                                                               1366    5     Signal findfirstai1 is being assigned multiple times ( assignment within same for-loop ) in same always block [Hierarchy: ':qr_decode']
[1C]     W415a                                     Warning     qr_decode.v                                                               1376    5     Signal a1 is being assigned multiple times ( previous assignment at line 1319 ) in same always block [Hierarchy: ':qr_decode']
[1D]     W415a                                     Warning     qr_decode.v                                                               1377    5     Signal b1 is being assigned multiple times ( previous assignment at line 1320 ) in same always block [Hierarchy: ':qr_decode']
[1E]     W415a                                     Warning     qr_decode.v                                                               1378    5     Signal c1 is being assigned multiple times ( previous assignment at line 1321 ) in same always block [Hierarchy: ':qr_decode']
[1F]     W415a                                     Warning     qr_decode.v                                                               1379    5     Signal a2 is being assigned multiple times ( previous assignment at line 1322 ) in same always block [Hierarchy: ':qr_decode']
[20]     W415a                                     Warning     qr_decode.v                                                               1380    5     Signal b2 is being assigned multiple times ( previous assignment at line 1323 ) in same always block [Hierarchy: ':qr_decode']
[21]     W415a                                     Warning     qr_decode.v                                                               1381    5     Signal c2 is being assigned multiple times ( previous assignment at line 1324 ) in same always block [Hierarchy: ':qr_decode']
[23]     W528                                      Warning     qr_decode.v                                                               1250    10    Variable 'codeword'(208 bits) set but not read.[Hierarchy: ':qr_decode']
[22]     W528                                      Info        ./spyglass-1/lint/lint_rtl/spyglass_reports/lint/SignalUsageReport.rpt    0       10    Please refer to 'SignalUsageReport.rpt' for details of violating bits
+++++++++++++++++++++++++++++++++++++++++++++++++++++++++++++++++++++++++++++++++++++++

################################################################################
#
# This file has been generated by SpyGlass:
#     Report Name      : moresimple
#     Report Created by: u105061255
#     Report Created on:  Wed Nov 20 16:45:24 2019
#     Working Directory: /home/u105/u105061255/ICLAB/EE4292_HW4/hdl
#     SpyGlass Version : SpyGlass_vO-2018.09-SP2
#     Policy Name      : SpyGlass(SpyGlass_vO-2018.09-SP2)
#                        auto-verify(SpyGlass_vO-2018.09-SP2)
#
#     Total Number of Generated Messages :          2
#     Number of Waived Messages          :          0
#     Number of Reported Messages        :          2
#     Number of Overlimit Messages       :          0
#
#
################################################################################

+++++++++++++++++++++++++++++++++++++++++++++++++++++++++++++++++++++++
MORESIMPLE REPORT:
############### FATAL MESSAGES ############### 
+++++++++++++++++++++++++++++++++++++++++++++++++++++++++++++++++++++++++++++++++
ID       Rule            Alias    Severity    File    Line    Wt    Message
======================================================================================
[1]      Av_license01             FATAL       N.A.    0       2     'Functional Lint' not run due to unavailability of lint_func license feature
+++++++++++++++++++++++++++++++++++++++++++++++++++++++++++++++++++++++++++++++++++++++


############### BuiltIn -> RuleGroup=Command-line read ###############
+++++++++++++++++++++++++++++++++++++++++++++++++++++++++++++++++++++++++++++++++++++++
ID       Rule                     Alias          Severity    File    Line    Wt    Message
======================================================================================
[0]      checkCMD_unset_option    UnsetOption    Warning     N.A.    0       10    Option/Parameter 'enable_save_restore': Feature 'save-restore' is not supported with option 'policy=auto-verify'.Disabling all 'save-restore' related options
+++++++++++++++++++++++++++++++++++++++++++++++++++++++++++++++++++++++++++++++++++++++

################################################################################
#
# This file has been generated by SpyGlass:
#     Report Name      : moresimple
#     Report Created by: u105061255
#     Report Created on:  Wed Nov 20 16:46:15 2019
#     Working Directory: /home/u105/u105061255/ICLAB/EE4292_HW4/hdl
#     SpyGlass Version : SpyGlass_vO-2018.09-SP2
#     Policy Name      : SpyGlass(SpyGlass_vO-2018.09-SP2)
#                        lint(SpyGlass_vO-2018.09-SP2)
#
#     Total Number of Generated Messages :          6
#     Number of Waived Messages          :          0
#     Number of Reported Messages        :          6
#     Number of Overlimit Messages       :          0
#
#
################################################################################

+++++++++++++++++++++++++++++++++++++++++++++++++++++++++++++++++++++++
MORESIMPLE REPORT:


############### BuiltIn -> RuleGroup=Design Read ###############
+++++++++++++++++++++++++++++++++++++++++++++++++++++++++++++++++++++++++++++++++++++++
ID       Rule                    Alias                   Severity            File                                                                          Line    Wt      Message
======================================================================================
[4]      DetectTopDesignUnits    DetectTopDesignUnits    Info                qr_decode.v                                                                   2       2       Module qr_decode is a top level design unit
[1]      SYNTH_5166                                      SynthesisWarning    qr_decode.v                                                                   225     1000    qr_decode -> ($display) Statement is not synthesizable. Ignoring it
[2]      SYNTH_5166                                      SynthesisWarning    qr_decode.v                                                                   226     1000    qr_decode -> ($finish) Statement is not synthesizable. Ignoring it
[3]      SYNTH_5166                                      SynthesisWarning    qr_decode.v                                                                   371     1000    qr_decode -> ($finish) Statement is not synthesizable. Ignoring it
[0]      ElabSummary             ElabSummary             Info                ./spyglass-1/lint/lint_abstract/spyglass_reports/SpyGlass/elab_summary.rpt    0       2       Please refer file './spyglass-1/lint/lint_abstract/spyglass_reports/SpyGlass/elab_summary.rpt' for elab summary report
+++++++++++++++++++++++++++++++++++++++++++++++++++++++++++++++++++++++++++++++++++++++


############### Non-BuiltIn -> Goal=lint/lint_abstract ###############
+++++++++++++++++++++++++++++++++++++++++++++++++++++++++++++++++++++++++++++++++++++++
ID       Rule               Alias    Severity    File                                                                                                                                            Line    Wt    Message
======================================================================================
[5]      LINT_abstract01             Info        ./spyglass-1/lint/lint_abstract/spyglass_reports/abstract_view/qr_decode_CHKB_6_CHKR_5_CORRECING_10_DECODING_4_DEMASK_5_1_lint_abstract.sgdc    0       2     Abstract view for design 'qr_decode' succesfully created
+++++++++++++++++++++++++++++++++++++++++++++++++++++++++++++++++++++++++++++++++++++++
