################################################################################
#
# This file has been generated by SpyGlass:
#     Report Created by: u105061255
#     Report Created on: Sat Nov 23 21:54:00 2019
#     Working Directory: /home/u105/u105061255/ICLAB/EE4292_HW4/hdl
#     Report Location  : ./spyglass-1/lint/lint_abstract/spyglass_reports/SpyGlass/elab_summary.rpt
#     SpyGlass Version : SpyGlass_vO-2018.09-SP2
#     Policy Name      : SpyGlass(SpyGlass_vO-2018.09-SP2)
#     Comment          : This report contains RTL and Elaborated names along with parameter values
#
################################################################################

================================================================================
Elaborated Name: 'a2i'
    (RTL Design Unit name: 'a2i', a2i.v:2)
     Parameters (Total: 0)
     Instances (Total: 2): qr_decode.a2i1, qr_decode.a2i0 

================================================================================

Elaborated Name: 'i2a'
    (RTL Design Unit name: 'i2a', i2a.v:2)
     Parameters (Total: 0)
     Instances (Total: 1): qr_decode.i2a0 

================================================================================

Elaborated Name: 'qr_decode'
    (RTL Design Unit name: 'qr_decode', qr_decode.v:1)
     Parameters (Total: 24)
         IMG_LEN       = 64 (default: 64)
         QR_LEN        = 21 (default: 21)
         IDLE          = 0 (default: 0)
         READ          = 1 (default: 1)
         PROCESSING    = 2 (default: 2)
         ROTATE        = 3 (default: 3)
         DECODING      = 4 (default: 4)
         DEMASK        = 5 (default: 5)
         WRITE         = 6 (default: 6)
         FINISH        = 7 (default: 7)
         READ_AFTER    = 8 (default: 8)
         SEARCH        = 9 (default: 9)
         CORRECING     = 10 (default: 10)
         SEARCH_CORNER = 10 (default: 10)
         topleft       = 0 (default: 0)
         bottomright   = 1 (default: 1)
         MAIND         = 0 (default: 0)
         OFFD          = 1 (default: 1)
         TOP           = 2 (default: 2)
         LEFT          = 3 (default: 3)
         TOP2          = 4 (default: 4)
         CHKR          = 5 (default: 5)
         CHKB          = 6 (default: 6)
         SEARCH_FINISH = 7 (default: 7)
================================================================================
