################################################################################
#
# This file has been generated by SpyGlass:
#     Report Created by: u105061255
#     Report Created on: Sat Nov 23 15:27:10 2019
#     Working Directory: /home/u105/u105061255/ICLAB/EE4292_HW4/hdl
#     Report Location  : ./spyglass-1/lint/lint_rtl/spyglass_reports/SpyGlass/checksum.rpt
#     SpyGlass Version : SpyGlass_vO-2018.09-SP2
#     Policy Name      : SpyGlass(SpyGlass_vO-2018.09-SP2)
#     Comment          : This report contains md5sum of design file(s)
#
################################################################################

=====================================================================================
                         MD5SUM CHECKSUM OF DESIGN FILES 
=====================================================================================
MD5SUM CHECKSUM                   SOURCE              PATH OF DESIGN FILE       
-------------------------------------------------------------------------------------
a954f64f8acfced5b21e05a60d78597e  1      /home/u105/u105061255/ICLAB/EE4292_HW4/hdl/qr_decode.v  
31163e32511ee5299ba12827f13f30f5  1      /home/u105/u105061255/ICLAB/EE4292_HW4/hdl/a2i.v  
b37b209eb975353ce3c82bd1602e7c01  1      /home/u105/u105061255/ICLAB/EE4292_HW4/hdl/i2a.v  
