
################################################################################
#
# This file has been generated by SpyGlass:
#     Report Name      : no_msg_reporting_rules
#     Report Created by: u105061255
#     Report Created on:  Sat Nov 23 21:53:07 2019
#     Working Directory: /home/u105/u105061255/ICLAB/EE4292_HW4/hdl
#     SpyGlass Version : SpyGlass_vO-2018.09-SP2
#     Policy Name      : SpyGlass(SpyGlass_vO-2018.09-SP2)
#                        erc(SpyGlass_vO-2018.09-SP2)
#                        latch(SpyGlass_vO-2018.09-SP2)
#                        lint(SpyGlass_vO-2018.09-SP2)
#                        morelint(SpyGlass_vO-2018.09-SP2)
#                        openmore(SpyGlass_vO-2018.09-SP2)
#                        simulation(SpyGlass_vO-2018.09-SP2)
#                        starc(SpyGlass_vO-2018.09-SP2)
#                        starc2005(SpyGlass_vO-2018.09-SP2)
#                        timing(SpyGlass_vO-2018.09-SP2)
#
#     Total Number of Generated Messages :        589
#     Number of Waived Messages          :          0
#     Number of Reported Messages        :        589
#     Number of Overlimit Messages       :          0
#
#
################################################################################

NO VIOLATION RULE REPORT :
++++++++++++++++++++++++++++++++++++++++++++++++++++++++++++++++++++++++++++++++

Following rules did not produce any violation or waived off during spyglass run

++++++++++++++++++++++++++++++++++++++++++++++++++++++++++++++++++++++++++++++++


================================================================================
	INDEX                                   RULE-NAME
================================================================================
	1                                  BlockHeader
	2                                  BufClock
	3                                  CheckDelayTimescale-ML
	4                                  CombLoop
	5                                  LatchFeedback
	6                                  NoAssignX-ML
	7                                  NoXInCase-ML
	8                                  ParamWidthMismatch-ML
	9                                  STARC05-1.2.1.2
	10                                 STARC05-1.3.1.3
	11                                 STARC05-2.1.3.1
	12                                 STARC05-2.1.4.5
	13                                 STARC05-2.1.5.3
	14                                 STARC05-2.1.6.5
	15                                 STARC05-2.10.1.4a
	16                                 STARC05-2.10.1.4b
	17                                 STARC05-2.10.2.3
	18                                 STARC05-2.10.3.2a
	19                                 STARC05-2.3.1.2c
	20                                 STARC05-2.3.1.5b
	21                                 STARC05-2.3.1.6
	22                                 STARC05-2.3.3.1
	23                                 STARC05-2.3.4.1v
	24                                 STARC05-2.4.1.5
	25                                 STARC05-2.5.1.2
	26                                 STARC05-2.5.1.7
	27                                 STARC05-2.5.1.9
	28                                 UndrivenInTerm-ML
	29                                 W110
	30                                 W110a
	31                                 W122
	32                                 W123
	33                                 W156
	34                                 W19
	35                                 W215
	36                                 W216
	37                                 W218
	38                                 W224
	39                                 W240
	40                                 W287a
	41                                 W287b
	42                                 W289
	43                                 W292
	44                                 W293
	45                                 W317
	46                                 W336
	47                                 W337
	48                                 W339a
	49                                 W352
	50                                 W392
	51                                 W398
	52                                 W414
	53                                 W415
	54                                 W416
	55                                 W421
	56                                 W422
	57                                 W424
	58                                 W426
	59                                 W442a
	60                                 W442b
	61                                 W442c
	62                                 W442f
	63                                 W450L
	64                                 W467
	65                                 W480
	66                                 W481a
	67                                 W481b
	68                                 W486
	69                                 W496a
	70                                 W496b
	71                                 W499
	72                                 W502
	73                                 W505
	74                                 W66
	75                                 W71
	76                                 badimplicitSM1
	77                                 badimplicitSM2
	78                                 badimplicitSM4
	79                                 bothedges
	80                                 mixedsenselist
	81                                 sim_race02
================================================================================
