################################################################################
#
# This file has been generated by SpyGlass:
#     Report Created by: u105061255
#     Report Created on: Sat Nov 23 15:27:09 2019
#     Working Directory: /home/u105/u105061255/ICLAB/EE4292_HW4/hdl
#     Report Location  : ./spyglass-1/lint/lint_rtl/spyglass_reports/lint/SignalUsageReport.rpt
#     SpyGlass Version : SpyGlass_vO-2018.09-SP2
#     Policy Name      : lint(SpyGlass_vO-2018.09-SP2)
#     Comment          : SignalUsageReport : It dumps details of violating bits of a signal

#
################################################################################



Module : qr_decode(Hierarchy :qr_decode)

W528 : Following Bits of signal 'Y1_a' (File Name: qr_decode.v Line No.: 1559) are set but not used
	[8:0]	

W528 : Following Bits of signal 'Y2' (File Name: qr_decode.v Line No.: 1555) are set but not used
	[8:0]	

W528 : Following Bits of signal 'a1' (File Name: qr_decode.v Line No.: 1670) are set but not used
	[8:0]	

W528 : Following Bits of signal 'a2' (File Name: qr_decode.v Line No.: 1673) are set but not used
	[8:0]	

W528 : Following Bits of signal 'alpha2_a_t' (File Name: qr_decode.v Line No.: 1595) are set but not used
	[8:0]	

W528 : Following Bits of signal 'b2' (File Name: qr_decode.v Line No.: 1674) are set but not used
	[8:0]	

W528 : Following Bits of signal 'b3' (File Name: qr_decode.v Line No.: 1505) are set but not used
	[8:0]	

W528 : Following Bits of signal 'c1_a' (File Name: qr_decode.v Line No.: 1678) are set but not used
	[8:0]	

W528 : Following Bits of signal 'c2' (File Name: qr_decode.v Line No.: 1675) are set but not used
	[8:0]	

W528 : Following Bits of signal 'c3_a' (File Name: qr_decode.v Line No.: 1512) are set but not used
	[8:0]	

W528 : Following Bits of signal 'c4' (File Name: qr_decode.v Line No.: 1516) are set but not used
	[8:0]	

W528 : Following Bits of signal 'c4_a' (File Name: qr_decode.v Line No.: 1518) are set but not used
	[8:0]	

W528 : Following Bits of signal 'offset2' (File Name: qr_decode.v Line No.: 1562) are set but not used
	[7:0]	

W123 (Verilog) : There are no violations of the rule for multibit variables


W240 (Verilog) : There are no violations of the rule for multibit variables
